# JRE version: OpenJDK Runtime Environment (7.0_79-b14) (build 1.7.0_79-b14)
# Java VM: OpenJDK 64-Bit Server VM (24.79-b02 mixed mode linux-amd64 compressed oops)
Heap
 PSYoungGen      total 818176K, used 210938K [0x00000007aaa80000, 0x00000007ec080000, 0x0000000800000000)
  eden space 598016K, 0% used [0x00000007aaa80000,0x00000007aaa80000,0x00000007cf280000)
  from space 220160K, 95% used [0x00000007cf280000,0x00000007dc07e960,0x00000007dc980000)
  to   space 198656K, 0% used [0x00000007dc980000,0x00000007dc980000,0x00000007e8b80000)
 ParOldGen       total 665088K, used 579834K [0x0000000700000000, 0x0000000728980000, 0x00000007aaa80000)
  object space 665088K, 87% used [0x0000000700000000,0x000000072363ea50,0x0000000728980000)
 PSPermGen       total 21504K, used 6962K [0x00000006f5a00000, 0x00000006f6f00000, 0x0000000700000000)
  object space 21504K, 32% used [0x00000006f5a00000,0x00000006f60ccb90,0x00000006f6f00000)
GC Heap History (10 events):
Event: 25,414 GC heap after
Heap after GC invocations=20 (full 3):
 PSYoungGen      total 608256K, used 128486K [0x00000007aaa80000, 0x00000007e0600000, 0x0000000800000000)
  eden space 479744K, 0% used [0x00000007aaa80000,0x00000007aaa80000,0x00000007c7f00000)
  from space 128512K, 99% used [0x00000007c7f00000,0x00000007cfc79b90,0x00000007cfc80000)
  to   space 163328K, 0% used [0x00000007d6680000,0x00000007d6680000,0x00000007e0600000)
 ParOldGen       total 436736K, used 381442K [0x0000000700000000, 0x000000071aa80000, 0x00000007aaa80000)
  object space 436736K, 87% used [0x0000000700000000,0x0000000717480988,0x000000071aa80000)
 PSPermGen       total 21504K, used 6193K [0x00000006f5a00000, 0x00000006f6f00000, 0x0000000700000000)
  object space 21504K, 28% used [0x00000006f5a00000,0x00000006f600c4a8,0x00000006f6f00000)
}
Event: 25,414 GC heap before
{Heap before GC invocations=21 (full 4):
 PSYoungGen      total 608256K, used 128486K [0x00000007aaa80000, 0x00000007e0600000, 0x0000000800000000)
  eden space 479744K, 0% used [0x00000007aaa80000,0x00000007aaa80000,0x00000007c7f00000)
  from space 128512K, 99% used [0x00000007c7f00000,0x00000007cfc79b90,0x00000007cfc80000)
  to   space 163328K, 0% used [0x00000007d6680000,0x00000007d6680000,0x00000007e0600000)
 ParOldGen       total 436736K, used 381442K [0x0000000700000000, 0x000000071aa80000, 0x00000007aaa80000)
  object space 436736K, 87% used [0x0000000700000000,0x0000000717480988,0x000000071aa80000)
 PSPermGen       total 21504K, used 6193K [0x00000006f5a00000, 0x00000006f6f00000, 0x0000000700000000)
  object space 21504K, 28% used [0x00000006f5a00000,0x00000006f600c4a8,0x00000006f6f00000)
Event: 27,632 GC heap after
Heap after GC invocations=21 (full 4):
 PSYoungGen      total 608256K, used 68250K [0x00000007aaa80000, 0x00000007e0600000, 0x0000000800000000)
  eden space 479744K, 0% used [0x00000007aaa80000,0x00000007aaa80000,0x00000007c7f00000)
  from space 128512K, 53% used [0x00000007c7f00000,0x00000007cc1a6808,0x00000007cfc80000)
  to   space 163328K, 0% used [0x00000007d6680000,0x00000007d6680000,0x00000007e0600000)
 ParOldGen       total 665088K, used 436489K [0x0000000700000000, 0x0000000728980000, 0x00000007aaa80000)
  object space 665088K, 65% used [0x0000000700000000,0x000000071aa427d0,0x0000000728980000)
 PSPermGen       total 21504K, used 6193K [0x00000006f5a00000, 0x00000006f6f00000, 0x0000000700000000)
  object space 21504K, 28% used [0x00000006f5a00000,0x00000006f600c448,0x00000006f6f00000)
}
Event: 29,089 GC heap before
{Heap before GC invocations=22 (full 4):
 PSYoungGen      total 608256K, used 547994K [0x00000007aaa80000, 0x00000007e0600000, 0x0000000800000000)
  eden space 479744K, 100% used [0x00000007aaa80000,0x00000007c7f00000,0x00000007c7f00000)
  from space 128512K, 53% used [0x00000007c7f00000,0x00000007cc1a6808,0x00000007cfc80000)
  to   space 163328K, 0% used [0x00000007d6680000,0x00000007d6680000,0x00000007e0600000)
 ParOldGen       total 665088K, used 436489K [0x0000000700000000, 0x0000000728980000, 0x00000007aaa80000)
  object space 665088K, 65% used [0x0000000700000000,0x000000071aa427d0,0x0000000728980000)
 PSPermGen       total 21504K, used 6224K [0x00000006f5a00000, 0x00000006f6f00000, 0x0000000700000000)
  object space 21504K, 28% used [0x00000006f5a00000,0x00000006f60140b0,0x00000006f6f00000)
Event: 29,434 GC heap after
Heap after GC invocations=22 (full 4):
 PSYoungGen      total 705536K, used 96718K [0x00000007aaa80000, 0x00000007e0300000, 0x0000000800000000)
  eden space 545280K, 0% used [0x00000007aaa80000,0x00000007aaa80000,0x00000007cbf00000)
  from space 160256K, 60% used [0x00000007d6680000,0x00000007dc4f3998,0x00000007e0300000)
  to   space 165888K, 0% used [0x00000007cbf00000,0x00000007cbf00000,0x00000007d6100000)
 ParOldGen       total 665088K, used 474685K [0x0000000700000000, 0x0000000728980000, 0x00000007aaa80000)
  object space 665088K, 71% used [0x0000000700000000,0x000000071cf8f7a0,0x0000000728980000)
 PSPermGen       total 21504K, used 6224K [0x00000006f5a00000, 0x00000006f6f00000, 0x0000000700000000)
  object space 21504K, 28% used [0x00000006f5a00000,0x00000006f60140b0,0x00000006f6f00000)
}
Event: 30,966 GC heap before
{Heap before GC invocations=23 (full 4):
 PSYoungGen      total 705536K, used 641998K [0x00000007aaa80000, 0x00000007e0300000, 0x0000000800000000)
  eden space 545280K, 100% used [0x00000007aaa80000,0x00000007cbf00000,0x00000007cbf00000)
  from space 160256K, 60% used [0x00000007d6680000,0x00000007dc4f3998,0x00000007e0300000)
  to   space 165888K, 0% used [0x00000007cbf00000,0x00000007cbf00000,0x00000007d6100000)
 ParOldGen       total 665088K, used 474685K [0x0000000700000000, 0x0000000728980000, 0x00000007aaa80000)
  object space 665088K, 71% used [0x0000000700000000,0x000000071cf8f7a0,0x0000000728980000)
 PSPermGen       total 21504K, used 6231K [0x00000006f5a00000, 0x00000006f6f00000, 0x0000000700000000)
  object space 21504K, 28% used [0x00000006f5a00000,0x00000006f6015e90,0x00000006f6f00000)
Event: 31,157 GC heap after
Heap after GC invocations=23 (full 4):
 PSYoungGen      total 711168K, used 165874K [0x00000007aaa80000, 0x00000007e8b80000, 0x0000000800000000)
  eden space 545280K, 0% used [0x00000007aaa80000,0x00000007aaa80000,0x00000007cbf00000)
  from space 165888K, 99% used [0x00000007cbf00000,0x00000007d60fc958,0x00000007d6100000)
  to   space 198656K, 0% used [0x00000007dc980000,0x00000007dc980000,0x00000007e8b80000)
 ParOldGen       total 665088K, used 489786K [0x0000000700000000, 0x0000000728980000, 0x00000007aaa80000)
  object space 665088K, 73% used [0x0000000700000000,0x000000071de4e918,0x0000000728980000)
 PSPermGen       total 21504K, used 6231K [0x00000006f5a00000, 0x00000006f6f00000, 0x0000000700000000)
  object space 21504K, 28% used [0x00000006f5a00000,0x00000006f6015e90,0x00000006f6f00000)
}
Event: 32,688 GC heap before
{Heap before GC invocations=24 (full 4):
 PSYoungGen      total 711168K, used 711154K [0x00000007aaa80000, 0x00000007e8b80000, 0x0000000800000000)
  eden space 545280K, 100% used [0x00000007aaa80000,0x00000007cbf00000,0x00000007cbf00000)
  from space 165888K, 99% used [0x00000007cbf00000,0x00000007d60fc958,0x00000007d6100000)
  to   space 198656K, 0% used [0x00000007dc980000,0x00000007dc980000,0x00000007e8b80000)
 ParOldGen       total 665088K, used 489786K [0x0000000700000000, 0x0000000728980000, 0x00000007aaa80000)
  object space 665088K, 73% used [0x0000000700000000,0x000000071de4e918,0x0000000728980000)
 PSPermGen       total 21504K, used 6240K [0x00000006f5a00000, 0x00000006f6f00000, 0x0000000700000000)
  object space 21504K, 29% used [0x00000006f5a00000,0x00000006f6018318,0x00000006f6f00000)
Event: 33,123 GC heap after
Heap after GC invocations=24 (full 4):
 PSYoungGen      total 796672K, used 168675K [0x00000007aaa80000, 0x00000007ec080000, 0x0000000800000000)
  eden space 598016K, 0% used [0x00000007aaa80000,0x00000007aaa80000,0x00000007cf280000)
  from space 198656K, 84% used [0x00000007dc980000,0x00000007e6e38ef0,0x00000007e8b80000)
  to   space 220160K, 0% used [0x00000007cf280000,0x00000007cf280000,0x00000007dc980000)
 ParOldGen       total 665088K, used 579834K [0x0000000700000000, 0x0000000728980000, 0x00000007aaa80000)
  object space 665088K, 87% used [0x0000000700000000,0x000000072363ea50,0x0000000728980000)
 PSPermGen       total 21504K, used 6240K [0x00000006f5a00000, 0x00000006f6f00000, 0x0000000700000000)
  object space 21504K, 29% used [0x00000006f5a00000,0x00000006f6018318,0x00000006f6f00000)
}
Event: 108,797 GC heap before
{Heap before GC invocations=25 (full 4):
 PSYoungGen      total 796672K, used 766691K [0x00000007aaa80000, 0x00000007ec080000, 0x0000000800000000)
  eden space 598016K, 100% used [0x00000007aaa80000,0x00000007cf280000,0x00000007cf280000)
  from space 198656K, 84% used [0x00000007dc980000,0x00000007e6e38ef0,0x00000007e8b80000)
  to   space 220160K, 0% used [0x00000007cf280000,0x00000007cf280000,0x00000007dc980000)
 ParOldGen       total 665088K, used 579834K [0x0000000700000000, 0x0000000728980000, 0x00000007aaa80000)
  object space 665088K, 87% used [0x0000000700000000,0x000000072363ea50,0x0000000728980000)
 PSPermGen       total 21504K, used 6962K [0x00000006f5a00000, 0x00000006f6f00000, 0x0000000700000000)
  object space 21504K, 32% used [0x00000006f5a00000,0x00000006f60ccb90,0x00000006f6f00000)

