# JRE version: OpenJDK Runtime Environment (7.0_79-b14) (build 1.7.0_79-b14)
# Java VM: OpenJDK 64-Bit Server VM (24.79-b02 mixed mode linux-amd64 compressed oops)
Heap
 PSYoungGen      total 855552K, used 211960K [0x00000007aaa80000, 0x00000007f3f80000, 0x0000000800000000)
  eden space 643584K, 0% used [0x00000007aaa80000,0x00000007aaa80000,0x00000007d1f00000)
  from space 211968K, 99% used [0x00000007e7080000,0x00000007f3f7e060,0x00000007f3f80000)
  to   space 193024K, 0% used [0x00000007d1f00000,0x00000007d1f00000,0x00000007ddb80000)
 ParOldGen       total 685056K, used 494818K [0x0000000700000000, 0x0000000729d00000, 0x00000007aaa80000)
  object space 685056K, 72% used [0x0000000700000000,0x000000071e3389e0,0x0000000729d00000)
 PSPermGen       total 21504K, used 6235K [0x00000006f5a00000, 0x00000006f6f00000, 0x0000000700000000)
  object space 21504K, 28% used [0x00000006f5a00000,0x00000006f6016dc8,0x00000006f6f00000)
GC Heap History (10 events):
Event: 22,241 GC heap after
Heap after GC invocations=15 (full 3):
 PSYoungGen      total 667648K, used 90746K [0x00000007aaa80000, 0x00000007dfa00000, 0x0000000800000000)
  eden space 536064K, 0% used [0x00000007aaa80000,0x00000007aaa80000,0x00000007cb600000)
  from space 131584K, 68% used [0x00000007d4900000,0x00000007da19ebb0,0x00000007dc980000)
  to   space 150528K, 0% used [0x00000007cb600000,0x00000007cb600000,0x00000007d4900000)
 ParOldGen       total 451584K, used 281986K [0x0000000700000000, 0x000000071b900000, 0x00000007aaa80000)
  object space 451584K, 62% used [0x0000000700000000,0x0000000711360a20,0x000000071b900000)
 PSPermGen       total 21504K, used 6163K [0x00000006f5a00000, 0x00000006f6f00000, 0x0000000700000000)
  object space 21504K, 28% used [0x00000006f5a00000,0x00000006f6004e80,0x00000006f6f00000)
}
Event: 23,642 GC heap before
{Heap before GC invocations=16 (full 3):
 PSYoungGen      total 667648K, used 626810K [0x00000007aaa80000, 0x00000007dfa00000, 0x0000000800000000)
  eden space 536064K, 100% used [0x00000007aaa80000,0x00000007cb600000,0x00000007cb600000)
  from space 131584K, 68% used [0x00000007d4900000,0x00000007da19ebb0,0x00000007dc980000)
  to   space 150528K, 0% used [0x00000007cb600000,0x00000007cb600000,0x00000007d4900000)
 ParOldGen       total 451584K, used 281986K [0x0000000700000000, 0x000000071b900000, 0x00000007aaa80000)
  object space 451584K, 62% used [0x0000000700000000,0x0000000711360a20,0x000000071b900000)
 PSPermGen       total 21504K, used 6180K [0x00000006f5a00000, 0x00000006f6f00000, 0x0000000700000000)
  object space 21504K, 28% used [0x00000006f5a00000,0x00000006f60090b8,0x00000006f6f00000)
Event: 23,957 GC heap after
Heap after GC invocations=16 (full 3):
 PSYoungGen      total 686592K, used 150524K [0x00000007aaa80000, 0x00000007e8a00000, 0x0000000800000000)
  eden space 536064K, 0% used [0x00000007aaa80000,0x00000007aaa80000,0x00000007cb600000)
  from space 150528K, 99% used [0x00000007cb600000,0x00000007d48ff0c0,0x00000007d4900000)
  to   space 178688K, 0% used [0x00000007ddb80000,0x00000007ddb80000,0x00000007e8a00000)
 ParOldGen       total 451584K, used 289160K [0x0000000700000000, 0x000000071b900000, 0x00000007aaa80000)
  object space 451584K, 64% used [0x0000000700000000,0x0000000711a62350,0x000000071b900000)
 PSPermGen       total 21504K, used 6180K [0x00000006f5a00000, 0x00000006f6f00000, 0x0000000700000000)
  object space 21504K, 28% used [0x00000006f5a00000,0x00000006f60090b8,0x00000006f6f00000)
}
Event: 25,712 GC heap before
{Heap before GC invocations=17 (full 3):
 PSYoungGen      total 686592K, used 686588K [0x00000007aaa80000, 0x00000007e8a00000, 0x0000000800000000)
  eden space 536064K, 100% used [0x00000007aaa80000,0x00000007cb600000,0x00000007cb600000)
  from space 150528K, 99% used [0x00000007cb600000,0x00000007d48ff0c0,0x00000007d4900000)
  to   space 178688K, 0% used [0x00000007ddb80000,0x00000007ddb80000,0x00000007e8a00000)
 ParOldGen       total 451584K, used 289160K [0x0000000700000000, 0x000000071b900000, 0x00000007aaa80000)
  object space 451584K, 64% used [0x0000000700000000,0x0000000711a62350,0x000000071b900000)
 PSPermGen       total 21504K, used 6184K [0x00000006f5a00000, 0x00000006f6f00000, 0x0000000700000000)
  object space 21504K, 28% used [0x00000006f5a00000,0x00000006f600a038,0x00000006f6f00000)
Event: 26,133 GC heap after
Heap after GC invocations=17 (full 3):
 PSYoungGen      total 822272K, used 135350K [0x00000007aaa80000, 0x00000007eb680000, 0x0000000800000000)
  eden space 643584K, 0% used [0x00000007aaa80000,0x00000007aaa80000,0x00000007d1f00000)
  from space 178688K, 75% used [0x00000007ddb80000,0x00000007e5fad968,0x00000007e8a00000)
  to   space 193024K, 0% used [0x00000007d1f00000,0x00000007d1f00000,0x00000007ddb80000)
 ParOldGen       total 451584K, used 379551K [0x0000000700000000, 0x000000071b900000, 0x00000007aaa80000)
  object space 451584K, 84% used [0x0000000700000000,0x00000007172a7fb8,0x000000071b900000)
 PSPermGen       total 21504K, used 6184K [0x00000006f5a00000, 0x00000006f6f00000, 0x0000000700000000)
  object space 21504K, 28% used [0x00000006f5a00000,0x00000006f600a038,0x00000006f6f00000)
}
Event: 26,133 GC heap before
{Heap before GC invocations=18 (full 4):
 PSYoungGen      total 822272K, used 135350K [0x00000007aaa80000, 0x00000007eb680000, 0x0000000800000000)
  eden space 643584K, 0% used [0x00000007aaa80000,0x00000007aaa80000,0x00000007d1f00000)
  from space 178688K, 75% used [0x00000007ddb80000,0x00000007e5fad968,0x00000007e8a00000)
  to   space 193024K, 0% used [0x00000007d1f00000,0x00000007d1f00000,0x00000007ddb80000)
 ParOldGen       total 451584K, used 379551K [0x0000000700000000, 0x000000071b900000, 0x00000007aaa80000)
  object space 451584K, 84% used [0x0000000700000000,0x00000007172a7fb8,0x000000071b900000)
 PSPermGen       total 21504K, used 6184K [0x00000006f5a00000, 0x00000006f6f00000, 0x0000000700000000)
  object space 21504K, 28% used [0x00000006f5a00000,0x00000006f600a038,0x00000006f6f00000)
Event: 28,185 GC heap after
Heap after GC invocations=18 (full 4):
 PSYoungGen      total 822272K, used 58098K [0x00000007aaa80000, 0x00000007eb680000, 0x0000000800000000)
  eden space 643584K, 0% used [0x00000007aaa80000,0x00000007aaa80000,0x00000007d1f00000)
  from space 178688K, 32% used [0x00000007ddb80000,0x00000007e143c8a0,0x00000007e8a00000)
  to   space 193024K, 0% used [0x00000007d1f00000,0x00000007d1f00000,0x00000007ddb80000)
 ParOldGen       total 685056K, used 451246K [0x0000000700000000, 0x0000000729d00000, 0x00000007aaa80000)
  object space 685056K, 65% used [0x0000000700000000,0x000000071b8aba60,0x0000000729d00000)
 PSPermGen       total 21504K, used 6184K [0x00000006f5a00000, 0x00000006f6f00000, 0x0000000700000000)
  object space 21504K, 28% used [0x00000006f5a00000,0x00000006f600a018,0x00000006f6f00000)
}
Event: 29,848 GC heap before
{Heap before GC invocations=19 (full 4):
 PSYoungGen      total 822272K, used 701682K [0x00000007aaa80000, 0x00000007eb680000, 0x0000000800000000)
  eden space 643584K, 100% used [0x00000007aaa80000,0x00000007d1f00000,0x00000007d1f00000)
  from space 178688K, 32% used [0x00000007ddb80000,0x00000007e143c8a0,0x00000007e8a00000)
  to   space 193024K, 0% used [0x00000007d1f00000,0x00000007d1f00000,0x00000007ddb80000)
 ParOldGen       total 685056K, used 451246K [0x0000000700000000, 0x0000000729d00000, 0x00000007aaa80000)
  object space 685056K, 65% used [0x0000000700000000,0x000000071b8aba60,0x0000000729d00000)
 PSPermGen       total 21504K, used 6224K [0x00000006f5a00000, 0x00000006f6f00000, 0x0000000700000000)
  object space 21504K, 28% used [0x00000006f5a00000,0x00000006f6014320,0x00000006f6f00000)
Event: 30,134 GC heap after
Heap after GC invocations=19 (full 4):
 PSYoungGen      total 836608K, used 156987K [0x00000007aaa80000, 0x00000007f3f80000, 0x0000000800000000)
  eden space 643584K, 0% used [0x00000007aaa80000,0x00000007aaa80000,0x00000007d1f00000)
  from space 193024K, 81% used [0x00000007d1f00000,0x00000007db84ef70,0x00000007ddb80000)
  to   space 211968K, 0% used [0x00000007e7080000,0x00000007e7080000,0x00000007f3f80000)
 ParOldGen       total 685056K, used 451246K [0x0000000700000000, 0x0000000729d00000, 0x00000007aaa80000)
  object space 685056K, 65% used [0x0000000700000000,0x000000071b8aba60,0x0000000729d00000)
 PSPermGen       total 21504K, used 6224K [0x00000006f5a00000, 0x00000006f6f00000, 0x0000000700000000)
  object space 21504K, 28% used [0x00000006f5a00000,0x00000006f6014320,0x00000006f6f00000)
}
Event: 31,733 GC heap before
{Heap before GC invocations=20 (full 4):
 PSYoungGen      total 836608K, used 800571K [0x00000007aaa80000, 0x00000007f3f80000, 0x0000000800000000)
  eden space 643584K, 100% used [0x00000007aaa80000,0x00000007d1f00000,0x00000007d1f00000)
  from space 193024K, 81% used [0x00000007d1f00000,0x00000007db84ef70,0x00000007ddb80000)
  to   space 211968K, 0% used [0x00000007e7080000,0x00000007e7080000,0x00000007f3f80000)
 ParOldGen       total 685056K, used 451246K [0x0000000700000000, 0x0000000729d00000, 0x00000007aaa80000)
  object space 685056K, 65% used [0x0000000700000000,0x000000071b8aba60,0x0000000729d00000)
 PSPermGen       total 21504K, used 6235K [0x00000006f5a00000, 0x00000006f6f00000, 0x0000000700000000)
  object space 21504K, 28% used [0x00000006f5a00000,0x00000006f6016dc8,0x00000006f6f00000)

