# JRE version: OpenJDK Runtime Environment (7.0_79-b14) (build 1.7.0_79-b14)
# Java VM: OpenJDK 64-Bit Server VM (24.79-b02 mixed mode linux-amd64 compressed oops)
Heap
 PSYoungGen      total 946688K, used 232952K [0x00000007aaa80000, 0x00000007f7c80000, 0x0000000800000000)
  eden space 713728K, 0% used [0x00000007aaa80000,0x00000007aaa80000,0x00000007d6380000)
  from space 232960K, 99% used [0x00000007e9900000,0x00000007f7c7e298,0x00000007f7c80000)
  to   space 206848K, 0% used [0x00000007d6380000,0x00000007d6380000,0x00000007e2d80000)
 ParOldGen       total 705536K, used 593838K [0x0000000700000000, 0x000000072b100000, 0x00000007aaa80000)
  object space 705536K, 84% used [0x0000000700000000,0x00000007243eb948,0x000000072b100000)
 PSPermGen       total 21504K, used 6948K [0x00000006f5a00000, 0x00000006f6f00000, 0x0000000700000000)
  object space 21504K, 32% used [0x00000006f5a00000,0x00000006f60c9158,0x00000006f6f00000)
GC Heap History (10 events):
Event: 24,167 GC heap after
Heap after GC invocations=17 (full 3):
 PSYoungGen      total 742400K, used 113588K [0x00000007aaa80000, 0x00000007e3980000, 0x0000000800000000)
  eden space 598528K, 0% used [0x00000007aaa80000,0x00000007aaa80000,0x00000007cf300000)
  from space 143872K, 78% used [0x00000007d8c00000,0x00000007dfaed078,0x00000007e1880000)
  to   space 156672K, 0% used [0x00000007cf300000,0x00000007cf300000,0x00000007d8c00000)
 ParOldGen       total 458240K, used 387462K [0x0000000700000000, 0x000000071bf80000, 0x00000007aaa80000)
  object space 458240K, 84% used [0x0000000700000000,0x0000000717a61840,0x000000071bf80000)
 PSPermGen       total 21504K, used 6190K [0x00000006f5a00000, 0x00000006f6f00000, 0x0000000700000000)
  object space 21504K, 28% used [0x00000006f5a00000,0x00000006f600bb30,0x00000006f6f00000)
}
Event: 26,222 GC heap before
{Heap before GC invocations=18 (full 3):
 PSYoungGen      total 742400K, used 712116K [0x00000007aaa80000, 0x00000007e3980000, 0x0000000800000000)
  eden space 598528K, 100% used [0x00000007aaa80000,0x00000007cf300000,0x00000007cf300000)
  from space 143872K, 78% used [0x00000007d8c00000,0x00000007dfaed078,0x00000007e1880000)
  to   space 156672K, 0% used [0x00000007cf300000,0x00000007cf300000,0x00000007d8c00000)
 ParOldGen       total 458240K, used 387462K [0x0000000700000000, 0x000000071bf80000, 0x00000007aaa80000)
  object space 458240K, 84% used [0x0000000700000000,0x0000000717a61840,0x000000071bf80000)
 PSPermGen       total 21504K, used 6222K [0x00000006f5a00000, 0x00000006f6f00000, 0x0000000700000000)
  object space 21504K, 28% used [0x00000006f5a00000,0x00000006f6013800,0x00000006f6f00000)
Event: 26,466 GC heap after
Heap after GC invocations=18 (full 3):
 PSYoungGen      total 755200K, used 156670K [0x00000007aaa80000, 0x00000007ef100000, 0x0000000800000000)
  eden space 598528K, 0% used [0x00000007aaa80000,0x00000007aaa80000,0x00000007cf300000)
  from space 156672K, 99% used [0x00000007cf300000,0x00000007d8bff960,0x00000007d8c00000)
  to   space 197120K, 0% used [0x00000007e3080000,0x00000007e3080000,0x00000007ef100000)
 ParOldGen       total 458240K, used 427275K [0x0000000700000000, 0x000000071bf80000, 0x00000007aaa80000)
  object space 458240K, 93% used [0x0000000700000000,0x000000071a142d88,0x000000071bf80000)
 PSPermGen       total 21504K, used 6222K [0x00000006f5a00000, 0x00000006f6f00000, 0x0000000700000000)
  object space 21504K, 28% used [0x00000006f5a00000,0x00000006f6013800,0x00000006f6f00000)
}
Event: 26,466 GC heap before
{Heap before GC invocations=19 (full 4):
 PSYoungGen      total 755200K, used 156670K [0x00000007aaa80000, 0x00000007ef100000, 0x0000000800000000)
  eden space 598528K, 0% used [0x00000007aaa80000,0x00000007aaa80000,0x00000007cf300000)
  from space 156672K, 99% used [0x00000007cf300000,0x00000007d8bff960,0x00000007d8c00000)
  to   space 197120K, 0% used [0x00000007e3080000,0x00000007e3080000,0x00000007ef100000)
 ParOldGen       total 458240K, used 427275K [0x0000000700000000, 0x000000071bf80000, 0x00000007aaa80000)
  object space 458240K, 93% used [0x0000000700000000,0x000000071a142d88,0x000000071bf80000)
 PSPermGen       total 21504K, used 6222K [0x00000006f5a00000, 0x00000006f6f00000, 0x0000000700000000)
  object space 21504K, 28% used [0x00000006f5a00000,0x00000006f6013800,0x00000006f6f00000)
Event: 29,695 GC heap after
Heap after GC invocations=19 (full 4):
 PSYoungGen      total 755200K, used 120756K [0x00000007aaa80000, 0x00000007ef100000, 0x0000000800000000)
  eden space 598528K, 0% used [0x00000007aaa80000,0x00000007aaa80000,0x00000007cf300000)
  from space 156672K, 77% used [0x00000007cf300000,0x00000007d68ed248,0x00000007d8c00000)
  to   space 197120K, 0% used [0x00000007e3080000,0x00000007e3080000,0x00000007ef100000)
 ParOldGen       total 705536K, used 458020K [0x0000000700000000, 0x000000072b100000, 0x00000007aaa80000)
  object space 705536K, 64% used [0x0000000700000000,0x000000071bf49388,0x000000072b100000)
 PSPermGen       total 21504K, used 6221K [0x00000006f5a00000, 0x00000006f6f00000, 0x0000000700000000)
  object space 21504K, 28% used [0x00000006f5a00000,0x00000006f6013760,0x00000006f6f00000)
}
Event: 31,484 GC heap before
{Heap before GC invocations=20 (full 4):
 PSYoungGen      total 755200K, used 719284K [0x00000007aaa80000, 0x00000007ef100000, 0x0000000800000000)
  eden space 598528K, 100% used [0x00000007aaa80000,0x00000007cf300000,0x00000007cf300000)
  from space 156672K, 77% used [0x00000007cf300000,0x00000007d68ed248,0x00000007d8c00000)
  to   space 197120K, 0% used [0x00000007e3080000,0x00000007e3080000,0x00000007ef100000)
 ParOldGen       total 705536K, used 458020K [0x0000000700000000, 0x000000072b100000, 0x00000007aaa80000)
  object space 705536K, 64% used [0x0000000700000000,0x000000071bf49388,0x000000072b100000)
 PSPermGen       total 21504K, used 6229K [0x00000006f5a00000, 0x00000006f6f00000, 0x0000000700000000)
  object space 21504K, 28% used [0x00000006f5a00000,0x00000006f6015768,0x00000006f6f00000)
Event: 31,986 GC heap after
Heap after GC invocations=20 (full 4):
 PSYoungGen      total 910848K, used 133383K [0x00000007aaa80000, 0x00000007ef780000, 0x0000000800000000)
  eden space 713728K, 0% used [0x00000007aaa80000,0x00000007aaa80000,0x00000007d6380000)
  from space 197120K, 67% used [0x00000007e3080000,0x00000007eb2c1e70,0x00000007ef100000)
  to   space 206848K, 0% used [0x00000007d6380000,0x00000007d6380000,0x00000007e2d80000)
 ParOldGen       total 705536K, used 542344K [0x0000000700000000, 0x000000072b100000, 0x00000007aaa80000)
  object space 705536K, 76% used [0x0000000700000000,0x00000007211a2150,0x000000072b100000)
 PSPermGen       total 21504K, used 6229K [0x00000006f5a00000, 0x00000006f6f00000, 0x0000000700000000)
  object space 21504K, 28% used [0x00000006f5a00000,0x00000006f6015768,0x00000006f6f00000)
}
Event: 38,894 GC heap before
{Heap before GC invocations=21 (full 4):
 PSYoungGen      total 910848K, used 847111K [0x00000007aaa80000, 0x00000007ef780000, 0x0000000800000000)
  eden space 713728K, 100% used [0x00000007aaa80000,0x00000007d6380000,0x00000007d6380000)
  from space 197120K, 67% used [0x00000007e3080000,0x00000007eb2c1e70,0x00000007ef100000)
  to   space 206848K, 0% used [0x00000007d6380000,0x00000007d6380000,0x00000007e2d80000)
 ParOldGen       total 705536K, used 542344K [0x0000000700000000, 0x000000072b100000, 0x00000007aaa80000)
  object space 705536K, 76% used [0x0000000700000000,0x00000007211a2150,0x000000072b100000)
 PSPermGen       total 21504K, used 6529K [0x00000006f5a00000, 0x00000006f6f00000, 0x0000000700000000)
  object space 21504K, 30% used [0x00000006f5a00000,0x00000006f6060428,0x00000006f6f00000)
Event: 39,271 GC heap after
Heap after GC invocations=21 (full 4):
 PSYoungGen      total 920576K, used 185559K [0x00000007aaa80000, 0x00000007f7c80000, 0x0000000800000000)
  eden space 713728K, 0% used [0x00000007aaa80000,0x00000007aaa80000,0x00000007d6380000)
  from space 206848K, 89% used [0x00000007d6380000,0x00000007e18b5c10,0x00000007e2d80000)
  to   space 232960K, 0% used [0x00000007e9900000,0x00000007e9900000,0x00000007f7c80000)
 ParOldGen       total 705536K, used 542344K [0x0000000700000000, 0x000000072b100000, 0x00000007aaa80000)
  object space 705536K, 76% used [0x0000000700000000,0x00000007211a2150,0x000000072b100000)
 PSPermGen       total 21504K, used 6529K [0x00000006f5a00000, 0x00000006f6f00000, 0x0000000700000000)
  object space 21504K, 30% used [0x00000006f5a00000,0x00000006f6060428,0x00000006f6f00000)
}
Event: 43,800 GC heap before
{Heap before GC invocations=22 (full 4):
 PSYoungGen      total 920576K, used 899287K [0x00000007aaa80000, 0x00000007f7c80000, 0x0000000800000000)
  eden space 713728K, 100% used [0x00000007aaa80000,0x00000007d6380000,0x00000007d6380000)
  from space 206848K, 89% used [0x00000007d6380000,0x00000007e18b5c10,0x00000007e2d80000)
  to   space 232960K, 0% used [0x00000007e9900000,0x00000007e9900000,0x00000007f7c80000)
 ParOldGen       total 705536K, used 542344K [0x0000000700000000, 0x000000072b100000, 0x00000007aaa80000)
  object space 705536K, 76% used [0x0000000700000000,0x00000007211a2150,0x000000072b100000)
 PSPermGen       total 21504K, used 6948K [0x00000006f5a00000, 0x00000006f6f00000, 0x0000000700000000)
  object space 21504K, 32% used [0x00000006f5a00000,0x00000006f60c9158,0x00000006f6f00000)

