# JRE version: OpenJDK Runtime Environment (7.0_79-b14) (build 1.7.0_79-b14)
# Java VM: OpenJDK 64-Bit Server VM (24.79-b02 mixed mode linux-amd64 compressed oops)
Heap
 PSYoungGen      total 946688K, used 265351K [0x00000007aaa80000, 0x00000007f9e80000, 0x0000000800000000)
  eden space 654336K, 0% used [0x00000007aaa80000,0x00000007aaa80000,0x00000007d2980000)
  from space 292352K, 90% used [0x00000007d2980000,0x00000007e2ca1e80,0x00000007e4700000)
  to   space 245760K, 0% used [0x00000007e4700000,0x00000007e4700000,0x00000007f3700000)
 ParOldGen       total 524288K, used 496963K [0x0000000700000000, 0x0000000720000000, 0x00000007aaa80000)
  object space 524288K, 94% used [0x0000000700000000,0x000000071e550fa8,0x0000000720000000)
 PSPermGen       total 21504K, used 6235K [0x00000006f5a00000, 0x00000006f6f00000, 0x0000000700000000)
  object space 21504K, 28% used [0x00000006f5a00000,0x00000006f6016e58,0x00000006f6f00000)
GC Heap History (10 events):
Event: 19,511 GC heap after
Heap after GC invocations=15 (full 2):
 PSYoungGen      total 643584K, used 152542K [0x00000007aaa80000, 0x00000007e6980000, 0x0000000800000000)
  eden space 483840K, 0% used [0x00000007aaa80000,0x00000007aaa80000,0x00000007c8300000)
  from space 159744K, 95% used [0x00000007c8300000,0x00000007d17f7a30,0x00000007d1f00000)
  to   space 184320K, 0% used [0x00000007db580000,0x00000007db580000,0x00000007e6980000)
 ParOldGen       total 344064K, used 274952K [0x0000000700000000, 0x0000000715000000, 0x00000007aaa80000)
  object space 344064K, 79% used [0x0000000700000000,0x0000000710c823f0,0x0000000715000000)
 PSPermGen       total 21504K, used 6175K [0x00000006f5a00000, 0x00000006f6f00000, 0x0000000700000000)
  object space 21504K, 28% used [0x00000006f5a00000,0x00000006f6007e20,0x00000006f6f00000)
}
Event: 20,863 GC heap before
{Heap before GC invocations=16 (full 2):
 PSYoungGen      total 643584K, used 636382K [0x00000007aaa80000, 0x00000007e6980000, 0x0000000800000000)
  eden space 483840K, 100% used [0x00000007aaa80000,0x00000007c8300000,0x00000007c8300000)
  from space 159744K, 95% used [0x00000007c8300000,0x00000007d17f7a30,0x00000007d1f00000)
  to   space 184320K, 0% used [0x00000007db580000,0x00000007db580000,0x00000007e6980000)
 ParOldGen       total 344064K, used 274952K [0x0000000700000000, 0x0000000715000000, 0x00000007aaa80000)
  object space 344064K, 79% used [0x0000000700000000,0x0000000710c823f0,0x0000000715000000)
 PSPermGen       total 21504K, used 6180K [0x00000006f5a00000, 0x00000006f6f00000, 0x0000000700000000)
  object space 21504K, 28% used [0x00000006f5a00000,0x00000006f6009058,0x00000006f6f00000)
Event: 21,151 GC heap after
Heap after GC invocations=16 (full 2):
 PSYoungGen      total 753664K, used 184308K [0x00000007aaa80000, 0x00000007ec800000, 0x0000000800000000)
  eden space 569344K, 0% used [0x00000007aaa80000,0x00000007aaa80000,0x00000007cd680000)
  from space 184320K, 99% used [0x00000007db580000,0x00000007e697d3b8,0x00000007e6980000)
  to   space 228352K, 0% used [0x00000007cd680000,0x00000007cd680000,0x00000007db580000)
 ParOldGen       total 344064K, used 308399K [0x0000000700000000, 0x0000000715000000, 0x00000007aaa80000)
  object space 344064K, 89% used [0x0000000700000000,0x0000000712d2bc68,0x0000000715000000)
 PSPermGen       total 21504K, used 6180K [0x00000006f5a00000, 0x00000006f6f00000, 0x0000000700000000)
  object space 21504K, 28% used [0x00000006f5a00000,0x00000006f6009058,0x00000006f6f00000)
}
Event: 21,151 GC heap before
{Heap before GC invocations=17 (full 3):
 PSYoungGen      total 753664K, used 184308K [0x00000007aaa80000, 0x00000007ec800000, 0x0000000800000000)
  eden space 569344K, 0% used [0x00000007aaa80000,0x00000007aaa80000,0x00000007cd680000)
  from space 184320K, 99% used [0x00000007db580000,0x00000007e697d3b8,0x00000007e6980000)
  to   space 228352K, 0% used [0x00000007cd680000,0x00000007cd680000,0x00000007db580000)
 ParOldGen       total 344064K, used 308399K [0x0000000700000000, 0x0000000715000000, 0x00000007aaa80000)
  object space 344064K, 89% used [0x0000000700000000,0x0000000712d2bc68,0x0000000715000000)
 PSPermGen       total 21504K, used 6180K [0x00000006f5a00000, 0x00000006f6f00000, 0x0000000700000000)
  object space 21504K, 28% used [0x00000006f5a00000,0x00000006f6009058,0x00000006f6f00000)
Event: 23,453 GC heap after
Heap after GC invocations=17 (full 3):
 PSYoungGen      total 753664K, used 138762K [0x00000007aaa80000, 0x00000007ec800000, 0x0000000800000000)
  eden space 569344K, 0% used [0x00000007aaa80000,0x00000007aaa80000,0x00000007cd680000)
  from space 184320K, 75% used [0x00000007db580000,0x00000007e3d02850,0x00000007e6980000)
  to   space 228352K, 0% used [0x00000007cd680000,0x00000007cd680000,0x00000007db580000)
 ParOldGen       total 524288K, used 343696K [0x0000000700000000, 0x0000000720000000, 0x00000007aaa80000)
  object space 524288K, 65% used [0x0000000700000000,0x0000000714fa4028,0x0000000720000000)
 PSPermGen       total 21504K, used 6179K [0x00000006f5a00000, 0x00000006f6f00000, 0x0000000700000000)
  object space 21504K, 28% used [0x00000006f5a00000,0x00000006f6008fb8,0x00000006f6f00000)
}
Event: 25,017 GC heap before
{Heap before GC invocations=18 (full 3):
 PSYoungGen      total 753664K, used 708106K [0x00000007aaa80000, 0x00000007ec800000, 0x0000000800000000)
  eden space 569344K, 100% used [0x00000007aaa80000,0x00000007cd680000,0x00000007cd680000)
  from space 184320K, 75% used [0x00000007db580000,0x00000007e3d02850,0x00000007e6980000)
  to   space 228352K, 0% used [0x00000007cd680000,0x00000007cd680000,0x00000007db580000)
 ParOldGen       total 524288K, used 343696K [0x0000000700000000, 0x0000000720000000, 0x00000007aaa80000)
  object space 524288K, 65% used [0x0000000700000000,0x0000000714fa4028,0x0000000720000000)
 PSPermGen       total 21504K, used 6189K [0x00000006f5a00000, 0x00000006f6f00000, 0x0000000700000000)
  object space 21504K, 28% used [0x00000006f5a00000,0x00000006f600b440,0x00000006f6f00000)
Event: 25,338 GC heap after
Heap after GC invocations=18 (full 3):
 PSYoungGen      total 797696K, used 169861K [0x00000007aaa80000, 0x00000007f3700000, 0x0000000800000000)
  eden space 569344K, 0% used [0x00000007aaa80000,0x00000007aaa80000,0x00000007cd680000)
  from space 228352K, 74% used [0x00000007cd680000,0x00000007d7c61478,0x00000007db580000)
  to   space 245760K, 0% used [0x00000007e4700000,0x00000007e4700000,0x00000007f3700000)
 ParOldGen       total 524288K, used 391973K [0x0000000700000000, 0x0000000720000000, 0x00000007aaa80000)
  object space 524288K, 74% used [0x0000000700000000,0x0000000717ec9500,0x0000000720000000)
 PSPermGen       total 21504K, used 6189K [0x00000006f5a00000, 0x00000006f6f00000, 0x0000000700000000)
  object space 21504K, 28% used [0x00000006f5a00000,0x00000006f600b440,0x00000006f6f00000)
}
Event: 26,731 GC heap before
{Heap before GC invocations=19 (full 3):
 PSYoungGen      total 797696K, used 739205K [0x00000007aaa80000, 0x00000007f3700000, 0x0000000800000000)
  eden space 569344K, 100% used [0x00000007aaa80000,0x00000007cd680000,0x00000007cd680000)
  from space 228352K, 74% used [0x00000007cd680000,0x00000007d7c61478,0x00000007db580000)
  to   space 245760K, 0% used [0x00000007e4700000,0x00000007e4700000,0x00000007f3700000)
 ParOldGen       total 524288K, used 391973K [0x0000000700000000, 0x0000000720000000, 0x00000007aaa80000)
  object space 524288K, 74% used [0x0000000700000000,0x0000000717ec9500,0x0000000720000000)
 PSPermGen       total 21504K, used 6221K [0x00000006f5a00000, 0x00000006f6f00000, 0x0000000700000000)
  object space 21504K, 28% used [0x00000006f5a00000,0x00000006f60136c8,0x00000006f6f00000)
Event: 27,073 GC heap after
Heap after GC invocations=19 (full 3):
 PSYoungGen      total 900096K, used 245758K [0x00000007aaa80000, 0x00000007f9e80000, 0x0000000800000000)
  eden space 654336K, 0% used [0x00000007aaa80000,0x00000007aaa80000,0x00000007d2980000)
  from space 245760K, 99% used [0x00000007e4700000,0x00000007f36ff910,0x00000007f3700000)
  to   space 292352K, 0% used [0x00000007d2980000,0x00000007d2980000,0x00000007e4700000)
 ParOldGen       total 524288K, used 405254K [0x0000000700000000, 0x0000000720000000, 0x00000007aaa80000)
  object space 524288K, 77% used [0x0000000700000000,0x0000000718bc1a88,0x0000000720000000)
 PSPermGen       total 21504K, used 6221K [0x00000006f5a00000, 0x00000006f6f00000, 0x0000000700000000)
  object space 21504K, 28% used [0x00000006f5a00000,0x00000006f60136c8,0x00000006f6f00000)
}
Event: 29,082 GC heap before
{Heap before GC invocations=20 (full 3):
 PSYoungGen      total 900096K, used 900094K [0x00000007aaa80000, 0x00000007f9e80000, 0x0000000800000000)
  eden space 654336K, 100% used [0x00000007aaa80000,0x00000007d2980000,0x00000007d2980000)
  from space 245760K, 99% used [0x00000007e4700000,0x00000007f36ff910,0x00000007f3700000)
  to   space 292352K, 0% used [0x00000007d2980000,0x00000007d2980000,0x00000007e4700000)
 ParOldGen       total 524288K, used 405254K [0x0000000700000000, 0x0000000720000000, 0x00000007aaa80000)
  object space 524288K, 77% used [0x0000000700000000,0x0000000718bc1a88,0x0000000720000000)
 PSPermGen       total 21504K, used 6235K [0x00000006f5a00000, 0x00000006f6f00000, 0x0000000700000000)
  object space 21504K, 28% used [0x00000006f5a00000,0x00000006f6016e58,0x00000006f6f00000)

