# JRE version: OpenJDK Runtime Environment (7.0_79-b14) (build 1.7.0_79-b14)
# Java VM: OpenJDK 64-Bit Server VM (24.79-b02 mixed mode linux-amd64 compressed oops)
Heap
 PSYoungGen      total 929792K, used 152316K [0x00000007aaa80000, 0x00000007fbe80000, 0x0000000800000000)
  eden space 678400K, 0% used [0x00000007aaa80000,0x00000007aaa80000,0x00000007d4100000)
  from space 251392K, 60% used [0x00000007d4100000,0x00000007dd5bf2b8,0x00000007e3680000)
  to   space 275968K, 0% used [0x00000007eb100000,0x00000007eb100000,0x00000007fbe80000)
 ParOldGen       total 584192K, used 584140K [0x0000000700000000, 0x0000000723a80000, 0x00000007aaa80000)
  object space 584192K, 99% used [0x0000000700000000,0x0000000723a732d8,0x0000000723a80000)
 PSPermGen       total 21504K, used 6486K [0x00000006f5a00000, 0x00000006f6f00000, 0x0000000700000000)
  object space 21504K, 30% used [0x00000006f5a00000,0x00000006f6055b30,0x00000006f6f00000)
GC Heap History (10 events):
Event: 23,790 GC heap after
Heap after GC invocations=16 (full 2):
 PSYoungGen      total 784384K, used 116094K [0x00000007aaa80000, 0x00000007e8300000, 0x0000000800000000)
  eden space 598528K, 0% used [0x00000007aaa80000,0x00000007aaa80000,0x00000007cf300000)
  from space 185856K, 62% used [0x00000007dae00000,0x00000007e1f5f8d0,0x00000007e6380000)
  to   space 191488K, 0% used [0x00000007cf300000,0x00000007cf300000,0x00000007dae00000)
 ParOldGen       total 376832K, used 376385K [0x0000000700000000, 0x0000000717000000, 0x00000007aaa80000)
  object space 376832K, 99% used [0x0000000700000000,0x0000000716f90518,0x0000000717000000)
 PSPermGen       total 21504K, used 6179K [0x00000006f5a00000, 0x00000006f6f00000, 0x0000000700000000)
  object space 21504K, 28% used [0x00000006f5a00000,0x00000006f6008f90,0x00000006f6f00000)
}
Event: 23,790 GC heap before
{Heap before GC invocations=17 (full 3):
 PSYoungGen      total 784384K, used 116094K [0x00000007aaa80000, 0x00000007e8300000, 0x0000000800000000)
  eden space 598528K, 0% used [0x00000007aaa80000,0x00000007aaa80000,0x00000007cf300000)
  from space 185856K, 62% used [0x00000007dae00000,0x00000007e1f5f8d0,0x00000007e6380000)
  to   space 191488K, 0% used [0x00000007cf300000,0x00000007cf300000,0x00000007dae00000)
 ParOldGen       total 376832K, used 376385K [0x0000000700000000, 0x0000000717000000, 0x00000007aaa80000)
  object space 376832K, 99% used [0x0000000700000000,0x0000000716f90518,0x0000000717000000)
 PSPermGen       total 21504K, used 6179K [0x00000006f5a00000, 0x00000006f6f00000, 0x0000000700000000)
  object space 21504K, 28% used [0x00000006f5a00000,0x00000006f6008f90,0x00000006f6f00000)
Event: 27,928 GC heap after
Heap after GC invocations=17 (full 3):
 PSYoungGen      total 784384K, used 104206K [0x00000007aaa80000, 0x00000007e8300000, 0x0000000800000000)
  eden space 598528K, 0% used [0x00000007aaa80000,0x00000007aaa80000,0x00000007cf300000)
  from space 185856K, 56% used [0x00000007dae00000,0x00000007e13c3b18,0x00000007e6380000)
  to   space 191488K, 0% used [0x00000007cf300000,0x00000007cf300000,0x00000007dae00000)
 ParOldGen       total 584192K, used 376789K [0x0000000700000000, 0x0000000723a80000, 0x00000007aaa80000)
  object space 584192K, 64% used [0x0000000700000000,0x0000000716ff5460,0x0000000723a80000)
 PSPermGen       total 21504K, used 6179K [0x00000006f5a00000, 0x00000006f6f00000, 0x0000000700000000)
  object space 21504K, 28% used [0x00000006f5a00000,0x00000006f6008f70,0x00000006f6f00000)
}
Event: 30,898 GC heap before
{Heap before GC invocations=18 (full 3):
 PSYoungGen      total 784384K, used 702734K [0x00000007aaa80000, 0x00000007e8300000, 0x0000000800000000)
  eden space 598528K, 100% used [0x00000007aaa80000,0x00000007cf300000,0x00000007cf300000)
  from space 185856K, 56% used [0x00000007dae00000,0x00000007e13c3b18,0x00000007e6380000)
  to   space 191488K, 0% used [0x00000007cf300000,0x00000007cf300000,0x00000007dae00000)
 ParOldGen       total 584192K, used 376789K [0x0000000700000000, 0x0000000723a80000, 0x00000007aaa80000)
  object space 584192K, 64% used [0x0000000700000000,0x0000000716ff5460,0x0000000723a80000)
 PSPermGen       total 21504K, used 6185K [0x00000006f5a00000, 0x00000006f6f00000, 0x0000000700000000)
  object space 21504K, 28% used [0x00000006f5a00000,0x00000006f600a510,0x00000006f6f00000)
Event: 31,251 GC heap after
Heap after GC invocations=18 (full 3):
 PSYoungGen      total 790016K, used 143025K [0x00000007aaa80000, 0x00000007eff80000, 0x0000000800000000)
  eden space 598528K, 0% used [0x00000007aaa80000,0x00000007aaa80000,0x00000007cf300000)
  from space 191488K, 74% used [0x00000007cf300000,0x00000007d7eac760,0x00000007dae00000)
  to   space 205824K, 0% used [0x00000007e3680000,0x00000007e3680000,0x00000007eff80000)
 ParOldGen       total 584192K, used 420802K [0x0000000700000000, 0x0000000723a80000, 0x00000007aaa80000)
  object space 584192K, 72% used [0x0000000700000000,0x0000000719af0898,0x0000000723a80000)
 PSPermGen       total 21504K, used 6185K [0x00000006f5a00000, 0x00000006f6f00000, 0x0000000700000000)
  object space 21504K, 28% used [0x00000006f5a00000,0x00000006f600a510,0x00000006f6f00000)
}
Event: 32,895 GC heap before
{Heap before GC invocations=19 (full 3):
 PSYoungGen      total 790016K, used 741553K [0x00000007aaa80000, 0x00000007eff80000, 0x0000000800000000)
  eden space 598528K, 100% used [0x00000007aaa80000,0x00000007cf300000,0x00000007cf300000)
  from space 191488K, 74% used [0x00000007cf300000,0x00000007d7eac760,0x00000007dae00000)
  to   space 205824K, 0% used [0x00000007e3680000,0x00000007e3680000,0x00000007eff80000)
 ParOldGen       total 584192K, used 420802K [0x0000000700000000, 0x0000000723a80000, 0x00000007aaa80000)
  object space 584192K, 72% used [0x0000000700000000,0x0000000719af0898,0x0000000723a80000)
 PSPermGen       total 21504K, used 6221K [0x00000006f5a00000, 0x00000006f6f00000, 0x0000000700000000)
  object space 21504K, 28% used [0x00000006f5a00000,0x00000006f6013460,0x00000006f6f00000)
Event: 33,223 GC heap after
Heap after GC invocations=19 (full 3):
 PSYoungGen      total 884224K, used 205821K [0x00000007aaa80000, 0x00000007f6180000, 0x0000000800000000)
  eden space 678400K, 0% used [0x00000007aaa80000,0x00000007aaa80000,0x00000007d4100000)
  from space 205824K, 99% used [0x00000007e3680000,0x00000007eff7f540,0x00000007eff80000)
  to   space 251392K, 0% used [0x00000007d4100000,0x00000007d4100000,0x00000007e3680000)
 ParOldGen       total 584192K, used 451291K [0x0000000700000000, 0x0000000723a80000, 0x00000007aaa80000)
  object space 584192K, 77% used [0x0000000700000000,0x000000071b8b6c28,0x0000000723a80000)
 PSPermGen       total 21504K, used 6221K [0x00000006f5a00000, 0x00000006f6f00000, 0x0000000700000000)
  object space 21504K, 28% used [0x00000006f5a00000,0x00000006f6013460,0x00000006f6f00000)
}
Event: 36,908 GC heap before
{Heap before GC invocations=20 (full 3):
 PSYoungGen      total 884224K, used 884221K [0x00000007aaa80000, 0x00000007f6180000, 0x0000000800000000)
  eden space 678400K, 100% used [0x00000007aaa80000,0x00000007d4100000,0x00000007d4100000)
  from space 205824K, 99% used [0x00000007e3680000,0x00000007eff7f540,0x00000007eff80000)
  to   space 251392K, 0% used [0x00000007d4100000,0x00000007d4100000,0x00000007e3680000)
 ParOldGen       total 584192K, used 451291K [0x0000000700000000, 0x0000000723a80000, 0x00000007aaa80000)
  object space 584192K, 77% used [0x0000000700000000,0x000000071b8b6c28,0x0000000723a80000)
 PSPermGen       total 21504K, used 6487K [0x00000006f5a00000, 0x00000006f6f00000, 0x0000000700000000)
  object space 21504K, 30% used [0x00000006f5a00000,0x00000006f6055fa0,0x00000006f6f00000)
Event: 37,413 GC heap after
Heap after GC invocations=20 (full 3):
 PSYoungGen      total 929792K, used 204675K [0x00000007aaa80000, 0x00000007fbe80000, 0x0000000800000000)
  eden space 678400K, 0% used [0x00000007aaa80000,0x00000007aaa80000,0x00000007d4100000)
  from space 251392K, 81% used [0x00000007d4100000,0x00000007e08e0c20,0x00000007e3680000)
  to   space 275968K, 0% used [0x00000007eb100000,0x00000007eb100000,0x00000007fbe80000)
 ParOldGen       total 584192K, used 571589K [0x0000000700000000, 0x0000000723a80000, 0x00000007aaa80000)
  object space 584192K, 97% used [0x0000000700000000,0x0000000722e31730,0x0000000723a80000)
 PSPermGen       total 21504K, used 6487K [0x00000006f5a00000, 0x00000006f6f00000, 0x0000000700000000)
  object space 21504K, 30% used [0x00000006f5a00000,0x00000006f6055fa0,0x00000006f6f00000)
}
Event: 37,413 GC heap before
{Heap before GC invocations=21 (full 4):
 PSYoungGen      total 929792K, used 204675K [0x00000007aaa80000, 0x00000007fbe80000, 0x0000000800000000)
  eden space 678400K, 0% used [0x00000007aaa80000,0x00000007aaa80000,0x00000007d4100000)
  from space 251392K, 81% used [0x00000007d4100000,0x00000007e08e0c20,0x00000007e3680000)
  to   space 275968K, 0% used [0x00000007eb100000,0x00000007eb100000,0x00000007fbe80000)
 ParOldGen       total 584192K, used 571589K [0x0000000700000000, 0x0000000723a80000, 0x00000007aaa80000)
  object space 584192K, 97% used [0x0000000700000000,0x0000000722e31730,0x0000000723a80000)
 PSPermGen       total 21504K, used 6487K [0x00000006f5a00000, 0x00000006f6f00000, 0x0000000700000000)
  object space 21504K, 30% used [0x00000006f5a00000,0x00000006f6055fa0,0x00000006f6f00000)

