# JRE version: OpenJDK Runtime Environment (7.0_79-b14) (build 1.7.0_79-b14)
# Java VM: OpenJDK 64-Bit Server VM (24.79-b02 mixed mode linux-amd64 compressed oops)
Heap
 PSYoungGen      total 374272K, used 43330K [0x00000007aaa80000, 0x00000007c7c80000, 0x0000000800000000)
  eden space 315392K, 0% used [0x00000007aaa80000,0x00000007aaa80000,0x00000007bde80000)
  from space 58880K, 73% used [0x00000007c0980000,0x00000007c33d0910,0x00000007c4300000)
  to   space 48128K, 0% used [0x00000007c4d80000,0x00000007c4d80000,0x00000007c7c80000)
 ParOldGen       total 146944K, used 139206K [0x0000000700000000, 0x0000000708f80000, 0x00000007aaa80000)
  object space 146944K, 94% used [0x0000000700000000,0x00000007087f18f0,0x0000000708f80000)
 PSPermGen       total 21504K, used 6122K [0x00000006f5a00000, 0x00000006f6f00000, 0x0000000700000000)
  object space 21504K, 28% used [0x00000006f5a00000,0x00000006f5ffa9d8,0x00000006f6f00000)
GC Heap History (10 events):
Event: 7,338 GC heap after
Heap after GC invocations=7 (full 0):
 PSYoungGen      total 139776K, used 16891K [0x00000007aaa80000, 0x00000007bce80000, 0x0000000800000000)
  eden space 122880K, 0% used [0x00000007aaa80000,0x00000007aaa80000,0x00000007b2280000)
  from space 16896K, 99% used [0x00000007b2280000,0x00000007b32fed20,0x00000007b3300000)
  to   space 26624K, 0% used [0x00000007bb480000,0x00000007bb480000,0x00000007bce80000)
 ParOldGen       total 81920K, used 41957K [0x0000000700000000, 0x0000000705000000, 0x00000007aaa80000)
  object space 81920K, 51% used [0x0000000700000000,0x00000007028f96b0,0x0000000705000000)
 PSPermGen       total 21504K, used 5995K [0x00000006f5a00000, 0x00000006f6f00000, 0x0000000700000000)
  object space 21504K, 27% used [0x00000006f5a00000,0x00000006f5fdaf88,0x00000006f6f00000)
}
Event: 8,020 GC heap before
{Heap before GC invocations=8 (full 0):
 PSYoungGen      total 139776K, used 139771K [0x00000007aaa80000, 0x00000007bce80000, 0x0000000800000000)
  eden space 122880K, 100% used [0x00000007aaa80000,0x00000007b2280000,0x00000007b2280000)
  from space 16896K, 99% used [0x00000007b2280000,0x00000007b32fed20,0x00000007b3300000)
  to   space 26624K, 0% used [0x00000007bb480000,0x00000007bb480000,0x00000007bce80000)
 ParOldGen       total 81920K, used 41957K [0x0000000700000000, 0x0000000705000000, 0x00000007aaa80000)
  object space 81920K, 51% used [0x0000000700000000,0x00000007028f96b0,0x0000000705000000)
 PSPermGen       total 21504K, used 6025K [0x00000006f5a00000, 0x00000006f6f00000, 0x0000000700000000)
  object space 21504K, 28% used [0x00000006f5a00000,0x00000006f5fe2600,0x00000006f6f00000)
Event: 8,085 GC heap after
Heap after GC invocations=8 (full 0):
 PSYoungGen      total 264704K, used 26617K [0x00000007aaa80000, 0x00000007bdd80000, 0x0000000800000000)
  eden space 238080K, 0% used [0x00000007aaa80000,0x00000007aaa80000,0x00000007b9300000)
  from space 26624K, 99% used [0x00000007bb480000,0x00000007bce7e540,0x00000007bce80000)
  to   space 34304K, 0% used [0x00000007b9300000,0x00000007b9300000,0x00000007bb480000)
 ParOldGen       total 81920K, used 50057K [0x0000000700000000, 0x0000000705000000, 0x00000007aaa80000)
  object space 81920K, 61% used [0x0000000700000000,0x00000007030e27f8,0x0000000705000000)
 PSPermGen       total 21504K, used 6025K [0x00000006f5a00000, 0x00000006f6f00000, 0x0000000700000000)
  object space 21504K, 28% used [0x00000006f5a00000,0x00000006f5fe2600,0x00000006f6f00000)
}
Event: 9,346 GC heap before
{Heap before GC invocations=9 (full 0):
 PSYoungGen      total 264704K, used 264697K [0x00000007aaa80000, 0x00000007bdd80000, 0x0000000800000000)
  eden space 238080K, 100% used [0x00000007aaa80000,0x00000007b9300000,0x00000007b9300000)
  from space 26624K, 99% used [0x00000007bb480000,0x00000007bce7e540,0x00000007bce80000)
  to   space 34304K, 0% used [0x00000007b9300000,0x00000007b9300000,0x00000007bb480000)
 ParOldGen       total 81920K, used 50057K [0x0000000700000000, 0x0000000705000000, 0x00000007aaa80000)
  object space 81920K, 61% used [0x0000000700000000,0x00000007030e27f8,0x0000000705000000)
 PSPermGen       total 21504K, used 6064K [0x00000006f5a00000, 0x00000006f6f00000, 0x0000000700000000)
  object space 21504K, 28% used [0x00000006f5a00000,0x00000006f5fec260,0x00000006f6f00000)
Event: 9,647 GC heap after
Heap after GC invocations=9 (full 0):
 PSYoungGen      total 272384K, used 34295K [0x00000007aaa80000, 0x00000007c7c80000, 0x0000000800000000)
  eden space 238080K, 0% used [0x00000007aaa80000,0x00000007aaa80000,0x00000007b9300000)
  from space 34304K, 99% used [0x00000007b9300000,0x00000007bb47ded0,0x00000007bb480000)
  to   space 48128K, 0% used [0x00000007c4d80000,0x00000007c4d80000,0x00000007c7c80000)
 ParOldGen       total 81920K, used 71410K [0x0000000700000000, 0x0000000705000000, 0x00000007aaa80000)
  object space 81920K, 87% used [0x0000000700000000,0x00000007045bc968,0x0000000705000000)
 PSPermGen       total 21504K, used 6064K [0x00000006f5a00000, 0x00000006f6f00000, 0x0000000700000000)
  object space 21504K, 28% used [0x00000006f5a00000,0x00000006f5fec260,0x00000006f6f00000)
}
Event: 9,647 GC heap before
{Heap before GC invocations=10 (full 1):
 PSYoungGen      total 272384K, used 34295K [0x00000007aaa80000, 0x00000007c7c80000, 0x0000000800000000)
  eden space 238080K, 0% used [0x00000007aaa80000,0x00000007aaa80000,0x00000007b9300000)
  from space 34304K, 99% used [0x00000007b9300000,0x00000007bb47ded0,0x00000007bb480000)
  to   space 48128K, 0% used [0x00000007c4d80000,0x00000007c4d80000,0x00000007c7c80000)
 ParOldGen       total 81920K, used 71410K [0x0000000700000000, 0x0000000705000000, 0x00000007aaa80000)
  object space 81920K, 87% used [0x0000000700000000,0x00000007045bc968,0x0000000705000000)
 PSPermGen       total 21504K, used 6064K [0x00000006f5a00000, 0x00000006f6f00000, 0x0000000700000000)
  object space 21504K, 28% used [0x00000006f5a00000,0x00000006f5fec260,0x00000006f6f00000)
Event: 10,426 GC heap after
Heap after GC invocations=10 (full 1):
 PSYoungGen      total 272384K, used 18216K [0x00000007aaa80000, 0x00000007c7c80000, 0x0000000800000000)
  eden space 238080K, 0% used [0x00000007aaa80000,0x00000007aaa80000,0x00000007b9300000)
  from space 34304K, 53% used [0x00000007b9300000,0x00000007ba4ca1d8,0x00000007bb480000)
  to   space 48128K, 0% used [0x00000007c4d80000,0x00000007c4d80000,0x00000007c7c80000)
 ParOldGen       total 146944K, used 81819K [0x0000000700000000, 0x0000000708f80000, 0x00000007aaa80000)
  object space 146944K, 55% used [0x0000000700000000,0x0000000704fe6f40,0x0000000708f80000)
 PSPermGen       total 21504K, used 6059K [0x00000006f5a00000, 0x00000006f6f00000, 0x0000000700000000)
  object space 21504K, 28% used [0x00000006f5a00000,0x00000006f5feadd8,0x00000006f6f00000)
}
Event: 11,755 GC heap before
{Heap before GC invocations=11 (full 1):
 PSYoungGen      total 272384K, used 256296K [0x00000007aaa80000, 0x00000007c7c80000, 0x0000000800000000)
  eden space 238080K, 100% used [0x00000007aaa80000,0x00000007b9300000,0x00000007b9300000)
  from space 34304K, 53% used [0x00000007b9300000,0x00000007ba4ca1d8,0x00000007bb480000)
  to   space 48128K, 0% used [0x00000007c4d80000,0x00000007c4d80000,0x00000007c7c80000)
 ParOldGen       total 146944K, used 81819K [0x0000000700000000, 0x0000000708f80000, 0x00000007aaa80000)
  object space 146944K, 55% used [0x0000000700000000,0x0000000704fe6f40,0x0000000708f80000)
 PSPermGen       total 21504K, used 6073K [0x00000006f5a00000, 0x00000006f6f00000, 0x0000000700000000)
  object space 21504K, 28% used [0x00000006f5a00000,0x00000006f5fee728,0x00000006f6f00000)
Event: 11,955 GC heap after
Heap after GC invocations=11 (full 1):
 PSYoungGen      total 363520K, used 48109K [0x00000007aaa80000, 0x00000007c7c80000, 0x0000000800000000)
  eden space 315392K, 0% used [0x00000007aaa80000,0x00000007aaa80000,0x00000007bde80000)
  from space 48128K, 99% used [0x00000007c4d80000,0x00000007c7c7b5a0,0x00000007c7c80000)
  to   space 58880K, 0% used [0x00000007c0980000,0x00000007c0980000,0x00000007c4300000)
 ParOldGen       total 146944K, used 90975K [0x0000000700000000, 0x0000000708f80000, 0x00000007aaa80000)
  object space 146944K, 61% used [0x0000000700000000,0x00000007058d7cc8,0x0000000708f80000)
 PSPermGen       total 21504K, used 6073K [0x00000006f5a00000, 0x00000006f6f00000, 0x0000000700000000)
  object space 21504K, 28% used [0x00000006f5a00000,0x00000006f5fee728,0x00000006f6f00000)
}
Event: 14,345 GC heap before
{Heap before GC invocations=12 (full 1):
 PSYoungGen      total 363520K, used 363501K [0x00000007aaa80000, 0x00000007c7c80000, 0x0000000800000000)
  eden space 315392K, 100% used [0x00000007aaa80000,0x00000007bde80000,0x00000007bde80000)
  from space 48128K, 99% used [0x00000007c4d80000,0x00000007c7c7b5a0,0x00000007c7c80000)
  to   space 58880K, 0% used [0x00000007c0980000,0x00000007c0980000,0x00000007c4300000)
 ParOldGen       total 146944K, used 90975K [0x0000000700000000, 0x0000000708f80000, 0x00000007aaa80000)
  object space 146944K, 61% used [0x0000000700000000,0x00000007058d7cc8,0x0000000708f80000)
 PSPermGen       total 21504K, used 6122K [0x00000006f5a00000, 0x00000006f6f00000, 0x0000000700000000)
  object space 21504K, 28% used [0x00000006f5a00000,0x00000006f5ffa9d8,0x00000006f6f00000)

