# JRE version: OpenJDK Runtime Environment (7.0_79-b14) (build 1.7.0_79-b14)
# Java VM: OpenJDK 64-Bit Server VM (24.79-b02 mixed mode linux-amd64 compressed oops)
Heap
 PSYoungGen      total 861184K, used 10580K [0x00000007aaa80000, 0x00000007ef600000, 0x0000000800000000)
  eden space 641024K, 0% used [0x00000007aaa80000,0x00000007aaa80000,0x00000007d1c80000)
  from space 220160K, 4% used [0x00000007e0280000,0x00000007e0cd52f8,0x00000007ed980000)
  to   space 235520K, 0% used [0x00000007d1c80000,0x00000007d1c80000,0x00000007e0280000)
 ParOldGen       total 640000K, used 639818K [0x0000000700000000, 0x0000000727100000, 0x00000007aaa80000)
  object space 640000K, 99% used [0x0000000700000000,0x00000007270d28b0,0x0000000727100000)
 PSPermGen       total 21504K, used 6514K [0x00000006f5a00000, 0x00000006f6f00000, 0x0000000700000000)
  object space 21504K, 30% used [0x00000006f5a00000,0x00000006f605c928,0x00000006f6f00000)
GC Heap History (10 events):
Event: 23,821 GC heap after
Heap after GC invocations=20 (full 3):
 PSYoungGen      total 652288K, used 144874K [0x00000007aaa80000, 0x00000007e4c00000, 0x0000000800000000)
  eden space 507392K, 0% used [0x00000007aaa80000,0x00000007aaa80000,0x00000007c9a00000)
  from space 144896K, 99% used [0x00000007c9a00000,0x00000007d277a940,0x00000007d2780000)
  to   space 184832K, 0% used [0x00000007d9780000,0x00000007d9780000,0x00000007e4c00000)
 ParOldGen       total 419840K, used 379235K [0x0000000700000000, 0x0000000719a00000, 0x00000007aaa80000)
  object space 419840K, 90% used [0x0000000700000000,0x0000000717258f68,0x0000000719a00000)
 PSPermGen       total 21504K, used 6187K [0x00000006f5a00000, 0x00000006f6f00000, 0x0000000700000000)
  object space 21504K, 28% used [0x00000006f5a00000,0x00000006f600af20,0x00000006f6f00000)
}
Event: 23,821 GC heap before
{Heap before GC invocations=21 (full 4):
 PSYoungGen      total 652288K, used 144874K [0x00000007aaa80000, 0x00000007e4c00000, 0x0000000800000000)
  eden space 507392K, 0% used [0x00000007aaa80000,0x00000007aaa80000,0x00000007c9a00000)
  from space 144896K, 99% used [0x00000007c9a00000,0x00000007d277a940,0x00000007d2780000)
  to   space 184832K, 0% used [0x00000007d9780000,0x00000007d9780000,0x00000007e4c00000)
 ParOldGen       total 419840K, used 379235K [0x0000000700000000, 0x0000000719a00000, 0x00000007aaa80000)
  object space 419840K, 90% used [0x0000000700000000,0x0000000717258f68,0x0000000719a00000)
 PSPermGen       total 21504K, used 6187K [0x00000006f5a00000, 0x00000006f6f00000, 0x0000000700000000)
  object space 21504K, 28% used [0x00000006f5a00000,0x00000006f600af20,0x00000006f6f00000)
Event: 25,963 GC heap after
Heap after GC invocations=21 (full 4):
 PSYoungGen      total 652288K, used 99311K [0x00000007aaa80000, 0x00000007e4c00000, 0x0000000800000000)
  eden space 507392K, 0% used [0x00000007aaa80000,0x00000007aaa80000,0x00000007c9a00000)
  from space 144896K, 68% used [0x00000007c9a00000,0x00000007cfafbce8,0x00000007d2780000)
  to   space 184832K, 0% used [0x00000007d9780000,0x00000007d9780000,0x00000007e4c00000)
 ParOldGen       total 640000K, used 419634K [0x0000000700000000, 0x0000000727100000, 0x00000007aaa80000)
  object space 640000K, 65% used [0x0000000700000000,0x00000007199cc9b0,0x0000000727100000)
 PSPermGen       total 21504K, used 6187K [0x00000006f5a00000, 0x00000006f6f00000, 0x0000000700000000)
  object space 21504K, 28% used [0x00000006f5a00000,0x00000006f600aee0,0x00000006f6f00000)
}
Event: 27,437 GC heap before
{Heap before GC invocations=22 (full 4):
 PSYoungGen      total 652288K, used 606703K [0x00000007aaa80000, 0x00000007e4c00000, 0x0000000800000000)
  eden space 507392K, 100% used [0x00000007aaa80000,0x00000007c9a00000,0x00000007c9a00000)
  from space 144896K, 68% used [0x00000007c9a00000,0x00000007cfafbce8,0x00000007d2780000)
  to   space 184832K, 0% used [0x00000007d9780000,0x00000007d9780000,0x00000007e4c00000)
 ParOldGen       total 640000K, used 419634K [0x0000000700000000, 0x0000000727100000, 0x00000007aaa80000)
  object space 640000K, 65% used [0x0000000700000000,0x00000007199cc9b0,0x0000000727100000)
 PSPermGen       total 21504K, used 6219K [0x00000006f5a00000, 0x00000006f6f00000, 0x0000000700000000)
  object space 21504K, 28% used [0x00000006f5a00000,0x00000006f6012cc8,0x00000006f6f00000)
Event: 27,820 GC heap after
Heap after GC invocations=22 (full 4):
 PSYoungGen      total 753664K, used 100286K [0x00000007aaa80000, 0x00000007e4580000, 0x0000000800000000)
  eden space 575488K, 0% used [0x00000007aaa80000,0x00000007aaa80000,0x00000007cdc80000)
  from space 178176K, 56% used [0x00000007d9780000,0x00000007df96fb48,0x00000007e4580000)
  to   space 184832K, 0% used [0x00000007cdc80000,0x00000007cdc80000,0x00000007d9100000)
 ParOldGen       total 640000K, used 488340K [0x0000000700000000, 0x0000000727100000, 0x00000007aaa80000)
  object space 640000K, 76% used [0x0000000700000000,0x000000071dce5080,0x0000000727100000)
 PSPermGen       total 21504K, used 6219K [0x00000006f5a00000, 0x00000006f6f00000, 0x0000000700000000)
  object space 21504K, 28% used [0x00000006f5a00000,0x00000006f6012cc8,0x00000006f6f00000)
}
Event: 29,315 GC heap before
{Heap before GC invocations=23 (full 4):
 PSYoungGen      total 753664K, used 675774K [0x00000007aaa80000, 0x00000007e4580000, 0x0000000800000000)
  eden space 575488K, 100% used [0x00000007aaa80000,0x00000007cdc80000,0x00000007cdc80000)
  from space 178176K, 56% used [0x00000007d9780000,0x00000007df96fb48,0x00000007e4580000)
  to   space 184832K, 0% used [0x00000007cdc80000,0x00000007cdc80000,0x00000007d9100000)
 ParOldGen       total 640000K, used 488340K [0x0000000700000000, 0x0000000727100000, 0x00000007aaa80000)
  object space 640000K, 76% used [0x0000000700000000,0x000000071dce5080,0x0000000727100000)
 PSPermGen       total 21504K, used 6227K [0x00000006f5a00000, 0x00000006f6f00000, 0x0000000700000000)
  object space 21504K, 28% used [0x00000006f5a00000,0x00000006f6014cf0,0x00000006f6f00000)
Event: 29,561 GC heap after
Heap after GC invocations=23 (full 4):
 PSYoungGen      total 760320K, used 184822K [0x00000007aaa80000, 0x00000007ed980000, 0x0000000800000000)
  eden space 575488K, 0% used [0x00000007aaa80000,0x00000007aaa80000,0x00000007cdc80000)
  from space 184832K, 99% used [0x00000007cdc80000,0x00000007d90fd990,0x00000007d9100000)
  to   space 220160K, 0% used [0x00000007e0280000,0x00000007e0280000,0x00000007ed980000)
 ParOldGen       total 640000K, used 501047K [0x0000000700000000, 0x0000000727100000, 0x00000007aaa80000)
  object space 640000K, 78% used [0x0000000700000000,0x000000071e94de48,0x0000000727100000)
 PSPermGen       total 21504K, used 6227K [0x00000006f5a00000, 0x00000006f6f00000, 0x0000000700000000)
  object space 21504K, 28% used [0x00000006f5a00000,0x00000006f6014cf0,0x00000006f6f00000)
}
Event: 33,342 GC heap before
{Heap before GC invocations=24 (full 4):
 PSYoungGen      total 760320K, used 760310K [0x00000007aaa80000, 0x00000007ed980000, 0x0000000800000000)
  eden space 575488K, 100% used [0x00000007aaa80000,0x00000007cdc80000,0x00000007cdc80000)
  from space 184832K, 99% used [0x00000007cdc80000,0x00000007d90fd990,0x00000007d9100000)
  to   space 220160K, 0% used [0x00000007e0280000,0x00000007e0280000,0x00000007ed980000)
 ParOldGen       total 640000K, used 501047K [0x0000000700000000, 0x0000000727100000, 0x00000007aaa80000)
  object space 640000K, 78% used [0x0000000700000000,0x000000071e94de48,0x0000000727100000)
 PSPermGen       total 21504K, used 6515K [0x00000006f5a00000, 0x00000006f6f00000, 0x0000000700000000)
  object space 21504K, 30% used [0x00000006f5a00000,0x00000006f605ce78,0x00000006f6f00000)
Event: 33,768 GC heap after
Heap after GC invocations=24 (full 4):
 PSYoungGen      total 861184K, used 162730K [0x00000007aaa80000, 0x00000007ef600000, 0x0000000800000000)
  eden space 641024K, 0% used [0x00000007aaa80000,0x00000007aaa80000,0x00000007d1c80000)
  from space 220160K, 73% used [0x00000007e0280000,0x00000007ea16ab70,0x00000007ed980000)
  to   space 235520K, 0% used [0x00000007d1c80000,0x00000007d1c80000,0x00000007e0280000)
 ParOldGen       total 640000K, used 592476K [0x0000000700000000, 0x0000000727100000, 0x00000007aaa80000)
  object space 640000K, 92% used [0x0000000700000000,0x00000007242973e0,0x0000000727100000)
 PSPermGen       total 21504K, used 6515K [0x00000006f5a00000, 0x00000006f6f00000, 0x0000000700000000)
  object space 21504K, 30% used [0x00000006f5a00000,0x00000006f605ce78,0x00000006f6f00000)
}
Event: 33,768 GC heap before
{Heap before GC invocations=25 (full 5):
 PSYoungGen      total 861184K, used 162730K [0x00000007aaa80000, 0x00000007ef600000, 0x0000000800000000)
  eden space 641024K, 0% used [0x00000007aaa80000,0x00000007aaa80000,0x00000007d1c80000)
  from space 220160K, 73% used [0x00000007e0280000,0x00000007ea16ab70,0x00000007ed980000)
  to   space 235520K, 0% used [0x00000007d1c80000,0x00000007d1c80000,0x00000007e0280000)
 ParOldGen       total 640000K, used 592476K [0x0000000700000000, 0x0000000727100000, 0x00000007aaa80000)
  object space 640000K, 92% used [0x0000000700000000,0x00000007242973e0,0x0000000727100000)
 PSPermGen       total 21504K, used 6515K [0x00000006f5a00000, 0x00000006f6f00000, 0x0000000700000000)
  object space 21504K, 30% used [0x00000006f5a00000,0x00000006f605ce78,0x00000006f6f00000)

