# JRE version: OpenJDK Runtime Environment (7.0_79-b14) (build 1.7.0_79-b14)
# Java VM: OpenJDK 64-Bit Server VM (24.79-b02 mixed mode linux-amd64 compressed oops)
Heap
 PSYoungGen      total 273408K, used 29393K [0x00000000eaa80000, 0x0000000100000000, 0x0000000100000000)
  eden space 236032K, 0% used [0x00000000eaa80000,0x00000000eaa80000,0x00000000f9100000)
  from space 37376K, 78% used [0x00000000f9100000,0x00000000fadb4748,0x00000000fb580000)
  to   space 66048K, 0% used [0x00000000fbf80000,0x00000000fbf80000,0x0000000100000000)
 ParOldGen       total 108544K, used 108119K [0x00000000c0000000, 0x00000000c6a00000, 0x00000000eaa80000)
  object space 108544K, 99% used [0x00000000c0000000,0x00000000c6995cf0,0x00000000c6a00000)
 PSPermGen       total 21504K, used 6025K [0x00000000b5a00000, 0x00000000b6f00000, 0x00000000c0000000)
  object space 21504K, 28% used [0x00000000b5a00000,0x00000000b5fe2690,0x00000000b6f00000)
GC Heap History (10 events):
Event: 15,554 GC heap after
Heap after GC invocations=5 (full 0):
 PSYoungGen      total 67584K, used 5120K [0x00000000eaa80000, 0x00000000f4280000, 0x0000000100000000)
  eden space 62464K, 0% used [0x00000000eaa80000,0x00000000eaa80000,0x00000000ee780000)
  from space 5120K, 100% used [0x00000000ee780000,0x00000000eec80000,0x00000000eec80000)
  to   space 15360K, 0% used [0x00000000f3380000,0x00000000f3380000,0x00000000f4280000)
 ParOldGen       total 81920K, used 25598K [0x00000000c0000000, 0x00000000c5000000, 0x00000000eaa80000)
  object space 81920K, 31% used [0x00000000c0000000,0x00000000c18ffad0,0x00000000c5000000)
 PSPermGen       total 21504K, used 5894K [0x00000000b5a00000, 0x00000000b6f00000, 0x00000000c0000000)
  object space 21504K, 27% used [0x00000000b5a00000,0x00000000b5fc1898,0x00000000b6f00000)
}
Event: 17,815 GC heap before
{Heap before GC invocations=6 (full 0):
 PSYoungGen      total 67584K, used 67584K [0x00000000eaa80000, 0x00000000f4280000, 0x0000000100000000)
  eden space 62464K, 100% used [0x00000000eaa80000,0x00000000ee780000,0x00000000ee780000)
  from space 5120K, 100% used [0x00000000ee780000,0x00000000eec80000,0x00000000eec80000)
  to   space 15360K, 0% used [0x00000000f3380000,0x00000000f3380000,0x00000000f4280000)
 ParOldGen       total 81920K, used 25598K [0x00000000c0000000, 0x00000000c5000000, 0x00000000eaa80000)
  object space 81920K, 31% used [0x00000000c0000000,0x00000000c18ffad0,0x00000000c5000000)
 PSPermGen       total 21504K, used 5915K [0x00000000b5a00000, 0x00000000b6f00000, 0x00000000c0000000)
  object space 21504K, 27% used [0x00000000b5a00000,0x00000000b5fc6c38,0x00000000b6f00000)
Event: 17,917 GC heap after
Heap after GC invocations=6 (full 0):
 PSYoungGen      total 137728K, used 15342K [0x00000000eaa80000, 0x00000000f4780000, 0x0000000100000000)
  eden space 122368K, 0% used [0x00000000eaa80000,0x00000000eaa80000,0x00000000f2200000)
  from space 15360K, 99% used [0x00000000f3380000,0x00000000f427b8a0,0x00000000f4280000)
  to   space 17920K, 0% used [0x00000000f2200000,0x00000000f2200000,0x00000000f3380000)
 ParOldGen       total 81920K, used 25839K [0x00000000c0000000, 0x00000000c5000000, 0x00000000eaa80000)
  object space 81920K, 31% used [0x00000000c0000000,0x00000000c193bf58,0x00000000c5000000)
 PSPermGen       total 21504K, used 5915K [0x00000000b5a00000, 0x00000000b6f00000, 0x00000000c0000000)
  object space 21504K, 27% used [0x00000000b5a00000,0x00000000b5fc6c38,0x00000000b6f00000)
}
Event: 21,139 GC heap before
{Heap before GC invocations=7 (full 0):
 PSYoungGen      total 137728K, used 137710K [0x00000000eaa80000, 0x00000000f4780000, 0x0000000100000000)
  eden space 122368K, 100% used [0x00000000eaa80000,0x00000000f2200000,0x00000000f2200000)
  from space 15360K, 99% used [0x00000000f3380000,0x00000000f427b8a0,0x00000000f4280000)
  to   space 17920K, 0% used [0x00000000f2200000,0x00000000f2200000,0x00000000f3380000)
 ParOldGen       total 81920K, used 25839K [0x00000000c0000000, 0x00000000c5000000, 0x00000000eaa80000)
  object space 81920K, 31% used [0x00000000c0000000,0x00000000c193bf58,0x00000000c5000000)
 PSPermGen       total 21504K, used 5986K [0x00000000b5a00000, 0x00000000b6f00000, 0x00000000c0000000)
  object space 21504K, 27% used [0x00000000b5a00000,0x00000000b5fd8b68,0x00000000b6f00000)
Event: 21,426 GC heap after
Heap after GC invocations=7 (full 0):
 PSYoungGen      total 140288K, used 17914K [0x00000000eaa80000, 0x00000000fd180000, 0x0000000100000000)
  eden space 122368K, 0% used [0x00000000eaa80000,0x00000000eaa80000,0x00000000f2200000)
  from space 17920K, 99% used [0x00000000f2200000,0x00000000f337eb98,0x00000000f3380000)
  to   space 28672K, 0% used [0x00000000fb580000,0x00000000fb580000,0x00000000fd180000)
 ParOldGen       total 81920K, used 42057K [0x00000000c0000000, 0x00000000c5000000, 0x00000000eaa80000)
  object space 81920K, 51% used [0x00000000c0000000,0x00000000c29125d8,0x00000000c5000000)
 PSPermGen       total 21504K, used 5986K [0x00000000b5a00000, 0x00000000b6f00000, 0x00000000c0000000)
  object space 21504K, 27% used [0x00000000b5a00000,0x00000000b5fd8b68,0x00000000b6f00000)
}
Event: 24,471 GC heap before
{Heap before GC invocations=8 (full 0):
 PSYoungGen      total 140288K, used 140282K [0x00000000eaa80000, 0x00000000fd180000, 0x0000000100000000)
  eden space 122368K, 100% used [0x00000000eaa80000,0x00000000f2200000,0x00000000f2200000)
  from space 17920K, 99% used [0x00000000f2200000,0x00000000f337eb98,0x00000000f3380000)
  to   space 28672K, 0% used [0x00000000fb580000,0x00000000fb580000,0x00000000fd180000)
 ParOldGen       total 81920K, used 42057K [0x00000000c0000000, 0x00000000c5000000, 0x00000000eaa80000)
  object space 81920K, 51% used [0x00000000c0000000,0x00000000c29125d8,0x00000000c5000000)
 PSPermGen       total 21504K, used 6008K [0x00000000b5a00000, 0x00000000b6f00000, 0x00000000c0000000)
  object space 21504K, 27% used [0x00000000b5a00000,0x00000000b5fde160,0x00000000b6f00000)
Event: 24,769 GC heap after
Heap after GC invocations=8 (full 0):
 PSYoungGen      total 264704K, used 28653K [0x00000000eaa80000, 0x00000000fe280000, 0x0000000100000000)
  eden space 236032K, 0% used [0x00000000eaa80000,0x00000000eaa80000,0x00000000f9100000)
  from space 28672K, 99% used [0x00000000fb580000,0x00000000fd17b700,0x00000000fd180000)
  to   space 37376K, 0% used [0x00000000f9100000,0x00000000f9100000,0x00000000fb580000)
 ParOldGen       total 81920K, used 51601K [0x00000000c0000000, 0x00000000c5000000, 0x00000000eaa80000)
  object space 81920K, 62% used [0x00000000c0000000,0x00000000c3264458,0x00000000c5000000)
 PSPermGen       total 21504K, used 6008K [0x00000000b5a00000, 0x00000000b6f00000, 0x00000000c0000000)
  object space 21504K, 27% used [0x00000000b5a00000,0x00000000b5fde160,0x00000000b6f00000)
}
Event: 29,289 GC heap before
{Heap before GC invocations=9 (full 0):
 PSYoungGen      total 264704K, used 264685K [0x00000000eaa80000, 0x00000000fe280000, 0x0000000100000000)
  eden space 236032K, 100% used [0x00000000eaa80000,0x00000000f9100000,0x00000000f9100000)
  from space 28672K, 99% used [0x00000000fb580000,0x00000000fd17b700,0x00000000fd180000)
  to   space 37376K, 0% used [0x00000000f9100000,0x00000000f9100000,0x00000000fb580000)
 ParOldGen       total 81920K, used 51601K [0x00000000c0000000, 0x00000000c5000000, 0x00000000eaa80000)
  object space 81920K, 62% used [0x00000000c0000000,0x00000000c3264458,0x00000000c5000000)
 PSPermGen       total 21504K, used 6029K [0x00000000b5a00000, 0x00000000b6f00000, 0x00000000c0000000)
  object space 21504K, 28% used [0x00000000b5a00000,0x00000000b5fe3778,0x00000000b6f00000)
Event: 29,985 GC heap after
Heap after GC invocations=9 (full 0):
 PSYoungGen      total 273408K, used 37362K [0x00000000eaa80000, 0x0000000100000000, 0x0000000100000000)
  eden space 236032K, 0% used [0x00000000eaa80000,0x00000000eaa80000,0x00000000f9100000)
  from space 37376K, 99% used [0x00000000f9100000,0x00000000fb57c920,0x00000000fb580000)
  to   space 66048K, 0% used [0x00000000fbf80000,0x00000000fbf80000,0x0000000100000000)
 ParOldGen       total 108544K, used 108347K [0x00000000c0000000, 0x00000000c6a00000, 0x00000000eaa80000)
  object space 108544K, 99% used [0x00000000c0000000,0x00000000c69cee00,0x00000000c6a00000)
 PSPermGen       total 21504K, used 6029K [0x00000000b5a00000, 0x00000000b6f00000, 0x00000000c0000000)
  object space 21504K, 28% used [0x00000000b5a00000,0x00000000b5fe3778,0x00000000b6f00000)
}
Event: 29,985 GC heap before
{Heap before GC invocations=10 (full 1):
 PSYoungGen      total 273408K, used 37362K [0x00000000eaa80000, 0x0000000100000000, 0x0000000100000000)
  eden space 236032K, 0% used [0x00000000eaa80000,0x00000000eaa80000,0x00000000f9100000)
  from space 37376K, 99% used [0x00000000f9100000,0x00000000fb57c920,0x00000000fb580000)
  to   space 66048K, 0% used [0x00000000fbf80000,0x00000000fbf80000,0x0000000100000000)
 ParOldGen       total 108544K, used 108347K [0x00000000c0000000, 0x00000000c6a00000, 0x00000000eaa80000)
  object space 108544K, 99% used [0x00000000c0000000,0x00000000c69cee00,0x00000000c6a00000)
 PSPermGen       total 21504K, used 6029K [0x00000000b5a00000, 0x00000000b6f00000, 0x00000000c0000000)
  object space 21504K, 28% used [0x00000000b5a00000,0x00000000b5fe3778,0x00000000b6f00000)

